app/build/intermediates/manifest_merge_blame_file/debug/manifest-merger-blame-debug-report.txt
1<?xml version="1.0" encoding="utf-8"?>
2<manifest xmlns:android="http://schemas.android.com/apk/res/android"
3    package="ferit.amaricic.hr"
4    android:versionCode="1"
5    android:versionName="1.0" >
6
7    <uses-sdk
8        android:minSdkVersion="17"
8-->src/main/AndroidManifest.xml
9        android:targetSdkVersion="30" />
9-->src/main/AndroidManifest.xml
10
11    <uses-permission android:name="android.permission.INTERNET" />
11-->src/main/AndroidManifest.xml:5:5-67
11-->src/main/AndroidManifest.xml:5:22-64
12    <uses-permission android:name="android.permission.ACCESS_FINE_LOCATION" />
12-->src/main/AndroidManifest.xml:6:5-79
12-->src/main/AndroidManifest.xml:6:22-76
13    <uses-permission android:name="android.permission.ACCESS_COARSE_LOCATION" />
13-->src/main/AndroidManifest.xml:7:5-81
13-->src/main/AndroidManifest.xml:7:22-78
14    <uses-permission android:name="android.permission.WRITE_EXTERNAL_STORAGE" />
14-->src/main/AndroidManifest.xml:8:5-81
14-->src/main/AndroidManifest.xml:8:22-78
15    <uses-permission android:name="android.permission.ACCESS_NETWORK_STATE" />
15-->[com.google.firebase:firebase-auth:21.0.1] AndroidManifest.xml:24:5-79
15-->[com.google.firebase:firebase-auth:21.0.1] AndroidManifest.xml:24:22-76
16
17    <uses-feature
17-->[com.google.android.gms:play-services-maps:16.1.0] AndroidManifest.xml:26:5-28:35
18        android:glEsVersion="0x00020000"
18-->[com.google.android.gms:play-services-maps:16.1.0] AndroidManifest.xml:27:9-41
19        android:required="true" />
19-->[com.google.android.gms:play-services-maps:16.1.0] AndroidManifest.xml:28:9-32
20
21    <uses-permission android:name="android.permission.WAKE_LOCK" />
21-->[com.google.android.gms:play-services-measurement-api:19.0.1] AndroidManifest.xml:24:5-68
21-->[com.google.android.gms:play-services-measurement-api:19.0.1] AndroidManifest.xml:24:22-65
22    <uses-permission android:name="com.google.android.finsky.permission.BIND_GET_INSTALL_REFERRER_SERVICE" />
22-->[com.google.android.gms:play-services-measurement:19.0.1] AndroidManifest.xml:26:5-110
22-->[com.google.android.gms:play-services-measurement:19.0.1] AndroidManifest.xml:26:22-107
23
24    <application
24-->src/main/AndroidManifest.xml:10:5-52:19
25        android:name="com.amaricevic.stadiums.App"
25-->src/main/AndroidManifest.xml:11:9-51
26        android:allowBackup="true"
26-->src/main/AndroidManifest.xml:12:9-35
27        android:appComponentFactory="androidx.core.app.CoreComponentFactory"
27-->[androidx.core:core:1.5.0] AndroidManifest.xml:24:18-86
28        android:debuggable="true"
29        android:icon="@mipmap/ic_launcher"
29-->src/main/AndroidManifest.xml:13:9-43
30        android:label="@string/app_name"
30-->src/main/AndroidManifest.xml:14:9-41
31        android:roundIcon="@mipmap/ic_launcher_round"
31-->src/main/AndroidManifest.xml:15:9-54
32        android:supportsRtl="true"
32-->src/main/AndroidManifest.xml:16:9-35
33        android:theme="@style/AppTheme" >
33-->src/main/AndroidManifest.xml:17:9-40
34        <activity
34-->src/main/AndroidManifest.xml:19:9-27:20
35            android:name="com.amaricevic.stadiums.ui.splash.SplashActivity"
35-->src/main/AndroidManifest.xml:20:13-76
36            android:theme="@style/SplashTheme" >
36-->src/main/AndroidManifest.xml:21:13-47
37            <intent-filter>
37-->src/main/AndroidManifest.xml:22:13-26:29
38                <action android:name="android.intent.action.MAIN" />
38-->src/main/AndroidManifest.xml:23:17-69
38-->src/main/AndroidManifest.xml:23:25-66
39                <action android:name="android.intent.action.VIEW" />
39-->src/main/AndroidManifest.xml:24:17-69
39-->src/main/AndroidManifest.xml:24:25-66
40
41                <category android:name="android.intent.category.LAUNCHER" />
41-->src/main/AndroidManifest.xml:25:17-77
41-->src/main/AndroidManifest.xml:25:27-74
42            </intent-filter>
43        </activity>
44        <activity
44-->src/main/AndroidManifest.xml:29:9-32:20
45            android:name="com.amaricevic.stadiums.ui.signIn.SignInActivity"
45-->src/main/AndroidManifest.xml:30:13-76
46            android:windowSoftInputMode="stateHidden" >
46-->src/main/AndroidManifest.xml:31:13-54
47        </activity>
48        <activity
48-->src/main/AndroidManifest.xml:33:9-37:20
49            android:name="com.amaricevic.stadiums.ui.registration.RegistrationActivity"
49-->src/main/AndroidManifest.xml:34:13-88
50            android:screenOrientation="portrait"
50-->src/main/AndroidManifest.xml:35:13-49
51            android:windowSoftInputMode="stateHidden" >
51-->src/main/AndroidManifest.xml:36:13-54
52        </activity>
53        <activity
53-->src/main/AndroidManifest.xml:38:9-42:20
54            android:name="com.amaricevic.stadiums.ui.stadiums.StadiumsActivity"
54-->src/main/AndroidManifest.xml:39:13-80
55            android:screenOrientation="portrait"
55-->src/main/AndroidManifest.xml:40:13-49
56            android:windowSoftInputMode="stateHidden" >
56-->src/main/AndroidManifest.xml:41:13-54
57        </activity>
58        <activity
58-->src/main/AndroidManifest.xml:43:9-47:20
59            android:name="com.amaricevic.stadiums.ui.stadium_details.StadiumDetailsActivity"
59-->src/main/AndroidManifest.xml:44:13-93
60            android:screenOrientation="portrait"
60-->src/main/AndroidManifest.xml:45:13-49
61            android:windowSoftInputMode="stateHidden" >
61-->src/main/AndroidManifest.xml:46:13-54
62        </activity>
63
64        <meta-data
65            android:name="com.google.android.maps.v2.API_KEY"
65-->src/main/AndroidManifest.xml:50:13-62
66            android:value="AIzaSyCe79g_ZrAzP4pnaqiNFae3CJtjX7dv-RM" />
66-->src/main/AndroidManifest.xml:51:13-44
67
68        <activity
68-->[com.google.firebase:firebase-auth:21.0.1] AndroidManifest.xml:27:9-44:20
69            android:name="com.google.firebase.auth.internal.GenericIdpActivity"
69-->[com.google.firebase:firebase-auth:21.0.1] AndroidManifest.xml:28:13-80
70            android:excludeFromRecents="true"
70-->[com.google.firebase:firebase-auth:21.0.1] AndroidManifest.xml:29:13-46
71            android:exported="true"
71-->[com.google.firebase:firebase-auth:21.0.1] AndroidManifest.xml:30:13-36
72            android:launchMode="singleTask"
72-->[com.google.firebase:firebase-auth:21.0.1] AndroidManifest.xml:31:13-44
73            android:theme="@android:style/Theme.Translucent.NoTitleBar" >
73-->[com.google.firebase:firebase-auth:21.0.1] AndroidManifest.xml:32:13-72
74            <intent-filter>
74-->[com.google.firebase:firebase-auth:21.0.1] AndroidManifest.xml:33:13-43:29
75                <action android:name="android.intent.action.VIEW" />
75-->src/main/AndroidManifest.xml:24:17-69
75-->src/main/AndroidManifest.xml:24:25-66
76
77                <category android:name="android.intent.category.DEFAULT" />
77-->[com.google.firebase:firebase-auth:21.0.1] AndroidManifest.xml:36:17-76
77-->[com.google.firebase:firebase-auth:21.0.1] AndroidManifest.xml:36:27-73
78                <category android:name="android.intent.category.BROWSABLE" />
78-->[com.google.firebase:firebase-auth:21.0.1] AndroidManifest.xml:37:17-78
78-->[com.google.firebase:firebase-auth:21.0.1] AndroidManifest.xml:37:27-75
79
80                <data
80-->[com.google.firebase:firebase-auth:21.0.1] AndroidManifest.xml:39:17-42:51
81                    android:host="firebase.auth"
81-->[com.google.firebase:firebase-auth:21.0.1] AndroidManifest.xml:40:21-49
82                    android:path="/"
82-->[com.google.firebase:firebase-auth:21.0.1] AndroidManifest.xml:41:21-37
83                    android:scheme="genericidp" />
83-->[com.google.firebase:firebase-auth:21.0.1] AndroidManifest.xml:42:21-48
84            </intent-filter>
85        </activity>
86        <activity
86-->[com.google.firebase:firebase-auth:21.0.1] AndroidManifest.xml:45:9-62:20
87            android:name="com.google.firebase.auth.internal.RecaptchaActivity"
87-->[com.google.firebase:firebase-auth:21.0.1] AndroidManifest.xml:46:13-79
88            android:excludeFromRecents="true"
88-->[com.google.firebase:firebase-auth:21.0.1] AndroidManifest.xml:47:13-46
89            android:exported="true"
89-->[com.google.firebase:firebase-auth:21.0.1] AndroidManifest.xml:48:13-36
90            android:launchMode="singleTask"
90-->[com.google.firebase:firebase-auth:21.0.1] AndroidManifest.xml:49:13-44
91            android:theme="@android:style/Theme.Translucent.NoTitleBar" >
91-->[com.google.firebase:firebase-auth:21.0.1] AndroidManifest.xml:50:13-72
92            <intent-filter>
92-->[com.google.firebase:firebase-auth:21.0.1] AndroidManifest.xml:51:13-61:29
93                <action android:name="android.intent.action.VIEW" />
93-->src/main/AndroidManifest.xml:24:17-69
93-->src/main/AndroidManifest.xml:24:25-66
94
95                <category android:name="android.intent.category.DEFAULT" />
95-->[com.google.firebase:firebase-auth:21.0.1] AndroidManifest.xml:36:17-76
95-->[com.google.firebase:firebase-auth:21.0.1] AndroidManifest.xml:36:27-73
96                <category android:name="android.intent.category.BROWSABLE" />
96-->[com.google.firebase:firebase-auth:21.0.1] AndroidManifest.xml:37:17-78
96-->[com.google.firebase:firebase-auth:21.0.1] AndroidManifest.xml:37:27-75
97
98                <data
98-->[com.google.firebase:firebase-auth:21.0.1] AndroidManifest.xml:39:17-42:51
99                    android:host="firebase.auth"
99-->[com.google.firebase:firebase-auth:21.0.1] AndroidManifest.xml:40:21-49
100                    android:path="/"
100-->[com.google.firebase:firebase-auth:21.0.1] AndroidManifest.xml:41:21-37
101                    android:scheme="recaptcha" />
101-->[com.google.firebase:firebase-auth:21.0.1] AndroidManifest.xml:42:21-48
102            </intent-filter>
103        </activity>
104
105        <service
105-->[com.google.firebase:firebase-auth:21.0.1] AndroidManifest.xml:64:9-73:19
106            android:name="com.google.firebase.auth.api.fallback.service.FirebaseAuthFallbackService"
106-->[com.google.firebase:firebase-auth:21.0.1] AndroidManifest.xml:65:13-101
107            android:enabled="true"
107-->[com.google.firebase:firebase-auth:21.0.1] AndroidManifest.xml:66:13-35
108            android:exported="false" >
108-->[com.google.firebase:firebase-auth:21.0.1] AndroidManifest.xml:67:13-37
109            <intent-filter>
109-->[com.google.firebase:firebase-auth:21.0.1] AndroidManifest.xml:68:13-72:29
110                <action android:name="com.google.firebase.auth.api.gms.service.START" />
110-->[com.google.firebase:firebase-auth:21.0.1] AndroidManifest.xml:69:17-89
110-->[com.google.firebase:firebase-auth:21.0.1] AndroidManifest.xml:69:25-86
111
112                <category android:name="android.intent.category.DEFAULT" />
112-->[com.google.firebase:firebase-auth:21.0.1] AndroidManifest.xml:36:17-76
112-->[com.google.firebase:firebase-auth:21.0.1] AndroidManifest.xml:36:27-73
113            </intent-filter>
114        </service>
115        <service
115-->[com.google.firebase:firebase-auth:21.0.1] AndroidManifest.xml:74:9-80:19
116            android:name="com.google.firebase.components.ComponentDiscoveryService"
116-->[com.google.firebase:firebase-auth:21.0.1] AndroidManifest.xml:75:13-84
117            android:directBootAware="true"
117-->[com.google.firebase:firebase-common:20.0.0] AndroidManifest.xml:35:13-43
118            android:exported="false" >
118-->[com.google.firebase:firebase-auth:21.0.1] AndroidManifest.xml:76:13-37
119            <meta-data
119-->[com.google.firebase:firebase-auth:21.0.1] AndroidManifest.xml:77:13-79:85
120                android:name="com.google.firebase.components:com.google.firebase.auth.FirebaseAuthRegistrar"
120-->[com.google.firebase:firebase-auth:21.0.1] AndroidManifest.xml:78:17-109
121                android:value="com.google.firebase.components.ComponentRegistrar" />
121-->[com.google.firebase:firebase-auth:21.0.1] AndroidManifest.xml:79:17-82
122            <meta-data
122-->[com.google.firebase:firebase-database:20.0.1] AndroidManifest.xml:32:13-34:85
123                android:name="com.google.firebase.components:com.google.firebase.database.DatabaseRegistrar"
123-->[com.google.firebase:firebase-database:20.0.1] AndroidManifest.xml:33:17-109
124                android:value="com.google.firebase.components.ComponentRegistrar" />
124-->[com.google.firebase:firebase-database:20.0.1] AndroidManifest.xml:34:17-82
125            <meta-data
125-->[com.google.android.gms:play-services-measurement-api:19.0.1] AndroidManifest.xml:30:13-32:85
126                android:name="com.google.firebase.components:com.google.firebase.analytics.connector.internal.AnalyticsConnectorRegistrar"
126-->[com.google.android.gms:play-services-measurement-api:19.0.1] AndroidManifest.xml:31:17-139
127                android:value="com.google.firebase.components.ComponentRegistrar" />
127-->[com.google.android.gms:play-services-measurement-api:19.0.1] AndroidManifest.xml:32:17-82
128            <meta-data
128-->[com.google.firebase:firebase-installations:17.0.0] AndroidManifest.xml:18:13-20:85
129                android:name="com.google.firebase.components:com.google.firebase.installations.FirebaseInstallationsRegistrar"
129-->[com.google.firebase:firebase-installations:17.0.0] AndroidManifest.xml:19:17-127
130                android:value="com.google.firebase.components.ComponentRegistrar" />
130-->[com.google.firebase:firebase-installations:17.0.0] AndroidManifest.xml:20:17-82
131        </service>
132
133        <provider
133-->[com.squareup.picasso:picasso:2.71828] AndroidManifest.xml:8:9-11:40
134            android:name="com.squareup.picasso.PicassoProvider"
134-->[com.squareup.picasso:picasso:2.71828] AndroidManifest.xml:9:13-64
135            android:authorities="ferit.amaricic.hr.com.squareup.picasso"
135-->[com.squareup.picasso:picasso:2.71828] AndroidManifest.xml:10:13-72
136            android:exported="false" /> <!-- Needs to be explicitly declared on P+ -->
136-->[com.squareup.picasso:picasso:2.71828] AndroidManifest.xml:11:13-37
137        <uses-library
137-->[com.google.android.gms:play-services-maps:16.1.0] AndroidManifest.xml:33:9-35:40
138            android:name="org.apache.http.legacy"
138-->[com.google.android.gms:play-services-maps:16.1.0] AndroidManifest.xml:34:13-50
139            android:required="false" />
139-->[com.google.android.gms:play-services-maps:16.1.0] AndroidManifest.xml:35:13-37
140
141        <activity
141-->[com.google.android.gms:play-services-base:17.5.0] AndroidManifest.xml:23:9-26:75
142            android:name="com.google.android.gms.common.api.GoogleApiActivity"
142-->[com.google.android.gms:play-services-base:17.5.0] AndroidManifest.xml:24:13-79
143            android:exported="false"
143-->[com.google.android.gms:play-services-base:17.5.0] AndroidManifest.xml:25:13-37
144            android:theme="@android:style/Theme.Translucent.NoTitleBar" />
144-->[com.google.android.gms:play-services-base:17.5.0] AndroidManifest.xml:26:13-72
145
146        <provider
146-->[com.google.firebase:firebase-common:20.0.0] AndroidManifest.xml:26:9-31:39
147            android:name="com.google.firebase.provider.FirebaseInitProvider"
147-->[com.google.firebase:firebase-common:20.0.0] AndroidManifest.xml:27:13-77
148            android:authorities="ferit.amaricic.hr.firebaseinitprovider"
148-->[com.google.firebase:firebase-common:20.0.0] AndroidManifest.xml:28:13-72
149            android:directBootAware="true"
149-->[com.google.firebase:firebase-common:20.0.0] AndroidManifest.xml:29:13-43
150            android:exported="false"
150-->[com.google.firebase:firebase-common:20.0.0] AndroidManifest.xml:30:13-37
151            android:initOrder="100" />
151-->[com.google.firebase:firebase-common:20.0.0] AndroidManifest.xml:31:13-36
152
153        <receiver
153-->[com.google.android.gms:play-services-measurement:19.0.1] AndroidManifest.xml:29:9-33:20
154            android:name="com.google.android.gms.measurement.AppMeasurementReceiver"
154-->[com.google.android.gms:play-services-measurement:19.0.1] AndroidManifest.xml:30:13-85
155            android:enabled="true"
155-->[com.google.android.gms:play-services-measurement:19.0.1] AndroidManifest.xml:31:13-35
156            android:exported="false" >
156-->[com.google.android.gms:play-services-measurement:19.0.1] AndroidManifest.xml:32:13-37
157        </receiver>
158
159        <service
159-->[com.google.android.gms:play-services-measurement:19.0.1] AndroidManifest.xml:35:9-38:40
160            android:name="com.google.android.gms.measurement.AppMeasurementService"
160-->[com.google.android.gms:play-services-measurement:19.0.1] AndroidManifest.xml:36:13-84
161            android:enabled="true"
161-->[com.google.android.gms:play-services-measurement:19.0.1] AndroidManifest.xml:37:13-35
162            android:exported="false" />
162-->[com.google.android.gms:play-services-measurement:19.0.1] AndroidManifest.xml:38:13-37
163        <service
163-->[com.google.android.gms:play-services-measurement:19.0.1] AndroidManifest.xml:39:9-43:72
164            android:name="com.google.android.gms.measurement.AppMeasurementJobService"
164-->[com.google.android.gms:play-services-measurement:19.0.1] AndroidManifest.xml:40:13-87
165            android:enabled="true"
165-->[com.google.android.gms:play-services-measurement:19.0.1] AndroidManifest.xml:41:13-35
166            android:exported="false"
166-->[com.google.android.gms:play-services-measurement:19.0.1] AndroidManifest.xml:42:13-37
167            android:permission="android.permission.BIND_JOB_SERVICE" />
167-->[com.google.android.gms:play-services-measurement:19.0.1] AndroidManifest.xml:43:13-69
168
169        <meta-data
169-->[com.google.android.gms:play-services-basement:17.5.0] AndroidManifest.xml:23:9-25:69
170            android:name="com.google.android.gms.version"
170-->[com.google.android.gms:play-services-basement:17.5.0] AndroidManifest.xml:24:13-58
171            android:value="@integer/google_play_services_version" />
171-->[com.google.android.gms:play-services-basement:17.5.0] AndroidManifest.xml:25:13-66
172    </application>
173
174</manifest>